0 info it worked if it ends with ok
1 verbose cli [ '/usr/bin/node', '/usr/bin/npm', 'update', '-g', 'yo' ]
2 info using npm@1.3.24
3 info using node@v0.10.25
4 verbose node symlink /usr/bin/node
5 verbose url raw yo/latest
6 verbose url resolving [ 'https://registry.npmjs.org/', './yo/latest' ]
7 verbose url resolved https://registry.npmjs.org/yo/latest
8 info trying registry request attempt 1 at 02:57:23
9 verbose etag "4K1C12BY04SDD5E2YS71FGXIW"
10 http GET https://registry.npmjs.org/yo/latest
11 info retry will retry, error on last attempt: Error: getaddrinfo ENOTFOUND
12 info trying registry request attempt 2 at 02:58:13
13 verbose etag "4K1C12BY04SDD5E2YS71FGXIW"
14 http GET https://registry.npmjs.org/yo/latest
15 info retry will retry, error on last attempt: Error: getaddrinfo ENOTFOUND
16 info trying registry request attempt 3 at 02:59:53
17 verbose etag "4K1C12BY04SDD5E2YS71FGXIW"
18 http GET https://registry.npmjs.org/yo/latest
19 http 304 https://registry.npmjs.org/yo/latest
20 silly registry.get cb [ 304,
20 silly registry.get   { date: 'Tue, 07 Oct 2014 07:00:01 GMT',
20 silly registry.get     server: 'Apache',
20 silly registry.get     via: '1.1 varnish',
20 silly registry.get     'last-modified': 'Tue, 07 Oct 2014 07:00:01 GMT',
20 silly registry.get     'cache-control': 'max-age=60',
20 silly registry.get     etag: '"4K1C12BY04SDD5E2YS71FGXIW"',
20 silly registry.get     'x-served-by': 'cache-iad2126-IAD',
20 silly registry.get     'x-cache': 'MISS',
20 silly registry.get     'x-cache-hits': '0',
20 silly registry.get     'x-timer': 'S1412665201.269846,VS0,VE82',
20 silly registry.get     vary: 'Accept',
20 silly registry.get     'content-length': '0',
20 silly registry.get     'keep-alive': 'timeout=10, max=50',
20 silly registry.get     connection: 'Keep-Alive' } ]
21 verbose etag yo/latest from cache
22 verbose cache add [ 'yo', '*' ]
23 verbose cache add name="yo" spec="*" args=["yo","*"]
24 verbose parsed url { protocol: null,
24 verbose parsed url   slashes: null,
24 verbose parsed url   auth: null,
24 verbose parsed url   host: null,
24 verbose parsed url   port: null,
24 verbose parsed url   hostname: null,
24 verbose parsed url   hash: null,
24 verbose parsed url   search: null,
24 verbose parsed url   query: null,
24 verbose parsed url   pathname: '*',
24 verbose parsed url   path: '*',
24 verbose parsed url   href: '*' }
25 verbose addNamed [ 'yo', '*' ]
26 verbose addNamed [ null, '*' ]
27 silly lockFile ec8b77ae-yo yo@*
28 verbose lock yo@* /home/greg/.npm/ec8b77ae-yo.lock
29 silly addNameRange { name: 'yo', range: '*', hasData: false }
30 verbose url raw yo
31 verbose url resolving [ 'https://registry.npmjs.org/', './yo' ]
32 verbose url resolved https://registry.npmjs.org/yo
33 info trying registry request attempt 1 at 03:00:01
34 verbose etag "4K1C12BY04SDD5E2YS71FGXIW"
35 http GET https://registry.npmjs.org/yo
36 http 304 https://registry.npmjs.org/yo
37 silly registry.get cb [ 304,
37 silly registry.get   { date: 'Tue, 07 Oct 2014 07:00:02 GMT',
37 silly registry.get     server: 'Apache',
37 silly registry.get     via: '1.1 varnish',
37 silly registry.get     'last-modified': 'Tue, 07 Oct 2014 07:00:02 GMT',
37 silly registry.get     'cache-control': 'max-age=60',
37 silly registry.get     etag: '"4K1C12BY04SDD5E2YS71FGXIW"',
37 silly registry.get     'x-served-by': 'cache-atl6225-ATL',
37 silly registry.get     'x-cache': 'HIT',
37 silly registry.get     'x-cache-hits': '1',
37 silly registry.get     'x-timer': 'S1412665202.958944,VS0,VE23',
37 silly registry.get     vary: 'Accept',
37 silly registry.get     'content-length': '0',
37 silly registry.get     'keep-alive': 'timeout=10, max=50',
37 silly registry.get     connection: 'Keep-Alive' } ]
38 verbose etag yo from cache
39 silly addNameRange number 2 { name: 'yo', range: '*', hasData: true }
40 silly addNameRange versions [ 'yo',
40 silly addNameRange   [ '1.0.0-beta.1',
40 silly addNameRange     '1.0.0-beta.2',
40 silly addNameRange     '1.0.0-beta.3',
40 silly addNameRange     '1.0.0-beta.4',
40 silly addNameRange     '1.0.0-beta.5',
40 silly addNameRange     '1.0.0-beta.6',
40 silly addNameRange     '1.0.0-beta.7',
40 silly addNameRange     '1.0.0-rc.1',
40 silly addNameRange     '1.0.0-rc.1.1',
40 silly addNameRange     '1.0.0-rc.1.2',
40 silly addNameRange     '1.0.0-rc.1.3',
40 silly addNameRange     '1.0.0-rc.1.4',
40 silly addNameRange     '1.0.0',
40 silly addNameRange     '1.0.1',
40 silly addNameRange     '1.0.2',
40 silly addNameRange     '1.0.3',
40 silly addNameRange     '1.0.4',
40 silly addNameRange     '1.0.5',
40 silly addNameRange     '1.0.6',
40 silly addNameRange     '1.0.7-pre.1',
40 silly addNameRange     '1.0.7-pre.2',
40 silly addNameRange     '1.0.7-pre.3',
40 silly addNameRange     '1.1.0',
40 silly addNameRange     '1.1.1',
40 silly addNameRange     '1.1.2' ] ]
41 verbose addNamed [ 'yo', '1.1.2' ]
42 verbose addNamed [ '1.1.2', '1.1.2' ]
43 silly lockFile c4df5c1e-yo-1-1-2 yo@1.1.2
44 verbose lock yo@1.1.2 /home/greg/.npm/c4df5c1e-yo-1-1-2.lock
45 silly lockFile c4df5c1e-yo-1-1-2 yo@1.1.2
46 silly lockFile c4df5c1e-yo-1-1-2 yo@1.1.2
47 silly lockFile ec8b77ae-yo yo@*
48 silly lockFile ec8b77ae-yo yo@*
49 info outdated updating [ [ '/usr/lib', 'yo', '1.1.2', '1.1.2', '1.3.0', '*' ] ]
50 verbose install where,what [ '/usr/lib', [ 'yo@1.1.2' ] ]
51 verbose cache add [ 'yo@1.1.2', null ]
52 verbose cache add name=undefined spec="yo@1.1.2" args=["yo@1.1.2",null]
53 verbose parsed url { protocol: null,
53 verbose parsed url   slashes: null,
53 verbose parsed url   auth: null,
53 verbose parsed url   host: null,
53 verbose parsed url   port: null,
53 verbose parsed url   hostname: null,
53 verbose parsed url   hash: null,
53 verbose parsed url   search: null,
53 verbose parsed url   query: null,
53 verbose parsed url   pathname: 'yo@1.1.2',
53 verbose parsed url   path: 'yo@1.1.2',
53 verbose parsed url   href: 'yo@1.1.2' }
54 verbose cache add name="yo" spec="1.1.2" args=["yo","1.1.2"]
55 verbose parsed url { protocol: null,
55 verbose parsed url   slashes: null,
55 verbose parsed url   auth: null,
55 verbose parsed url   host: null,
55 verbose parsed url   port: null,
55 verbose parsed url   hostname: null,
55 verbose parsed url   hash: null,
55 verbose parsed url   search: null,
55 verbose parsed url   query: null,
55 verbose parsed url   pathname: '1.1.2',
55 verbose parsed url   path: '1.1.2',
55 verbose parsed url   href: '1.1.2' }
56 verbose addNamed [ 'yo', '1.1.2' ]
57 verbose addNamed [ '1.1.2', '1.1.2' ]
58 silly lockFile c4df5c1e-yo-1-1-2 yo@1.1.2
59 verbose lock yo@1.1.2 /home/greg/.npm/c4df5c1e-yo-1-1-2.lock
60 verbose url raw yo/1.1.2
61 verbose url resolving [ 'https://registry.npmjs.org/', './yo/1.1.2' ]
62 verbose url resolved https://registry.npmjs.org/yo/1.1.2
63 info trying registry request attempt 1 at 03:00:02
64 verbose etag "4K1C12BY04SDD5E2YS71FGXIW"
65 http GET https://registry.npmjs.org/yo/1.1.2
66 http 304 https://registry.npmjs.org/yo/1.1.2
67 silly registry.get cb [ 304,
67 silly registry.get   { date: 'Tue, 07 Oct 2014 07:00:05 GMT',
67 silly registry.get     server: 'Apache',
67 silly registry.get     via: '1.1 varnish',
67 silly registry.get     'last-modified': 'Tue, 07 Oct 2014 07:00:05 GMT',
67 silly registry.get     'cache-control': 'max-age=60',
67 silly registry.get     etag: '"4K1C12BY04SDD5E2YS71FGXIW"',
67 silly registry.get     'x-served-by': 'cache-atl6233-ATL',
67 silly registry.get     'x-cache': 'MISS',
67 silly registry.get     'x-cache-hits': '0',
67 silly registry.get     'x-timer': 'S1412665205.375907,VS0,VE25',
67 silly registry.get     vary: 'Accept',
67 silly registry.get     'content-length': '0',
67 silly registry.get     'keep-alive': 'timeout=10, max=50',
67 silly registry.get     connection: 'Keep-Alive' } ]
68 verbose etag yo/1.1.2 from cache
69 silly lockFile c4df5c1e-yo-1-1-2 yo@1.1.2
70 silly lockFile c4df5c1e-yo-1-1-2 yo@1.1.2
71 silly resolved [ { name: 'yo',
71 silly resolved     version: '1.1.2',
71 silly resolved     description: 'CLI tool for scaffolding out Yeoman projects',
71 silly resolved     license: 'MIT',
71 silly resolved     bin: { yo: 'cli.js' },
71 silly resolved     repository: { type: 'git', url: 'git://github.com/yeoman/yo' },
71 silly resolved     homepage: 'http://yeoman.io',
71 silly resolved     author: { name: 'Chrome Developer Relations' },
71 silly resolved     engines: { node: '>=0.8.0', npm: '>=1.2.10' },
71 silly resolved     scripts:
71 silly resolved      { test: 'grunt',
71 silly resolved        postinstall: 'node ./scripts/doctor',
71 silly resolved        postupdate: 'node ./scripts/doctor' },
71 silly resolved     files: [ 'cli.js', 'yoyo.js', 'yeoman.txt', 'scripts/' ],
71 silly resolved     keywords:
71 silly resolved      [ 'front-end',
71 silly resolved        'development',
71 silly resolved        'dev',
71 silly resolved        'build',
71 silly resolved        'web',
71 silly resolved        'tool',
71 silly resolved        'cli',
71 silly resolved        'scaffold',
71 silly resolved        'stack' ],
71 silly resolved     dependencies:
71 silly resolved      { 'yeoman-generator': '~0.16.0',
71 silly resolved        nopt: '~2.1.1',
71 silly resolved        lodash: '~2.4.1',
71 silly resolved        'update-notifier': '~0.1.3',
71 silly resolved        insight: '~0.3.0',
71 silly resolved        'sudo-block': '~0.3.0',
71 silly resolved        async: '~0.2.9',
71 silly resolved        open: '0.0.4',
71 silly resolved        chalk: '~0.4.0',
71 silly resolved        findup: '~0.1.3',
71 silly resolved        shelljs: '~0.2.6' },
71 silly resolved     peerDependencies: { 'grunt-cli': '~0.1.7', bower: '>=0.9.0' },
71 silly resolved     devDependencies:
71 silly resolved      { grunt: '~0.4.2',
71 silly resolved        mockery: '~1.4.0',
71 silly resolved        'grunt-contrib-jshint': '~0.8.0',
71 silly resolved        'grunt-contrib-watch': '~0.5.3',
71 silly resolved        'grunt-mocha-test': '~0.8.1' },
71 silly resolved     engineStrict: true,
71 silly resolved     preferGlobal: true,
71 silly resolved     readme: '# yo [![Build Status](https://secure.travis-ci.org/yeoman/yo.png?branch=master)](http://travis-ci.org/yeoman/yo)\n\nCLI tool for scaffolding out [Yeoman](https://github.com/yeoman/yeoman) projects.\n\n![](screenshot.png)\n\n\n## [Documentation](https://github.com/yeoman/yeoman/wiki)\n\n\n## Options\n\n- `--no-color` flag to disable colors.\n\n- `--[no-]insight` to toggle anonymous [Insight](https://github.com/yeoman/insight) tracking which helps us improve Yeoman. Using either of these flags on the first run will prevent you from being prompted about it interactively. The flags can also be used to change it later on.\n\n\n## Troubleshooting\n\nRunning `yo doctor` command can help you troubleshoot common issues.\n\nIf `doctor` doesn\'t help, then check opened issues for a similar problem. Open a new issue if your problem haven\'t been reported yet. Make sure to always include the version of `yo` (`yo --version`) and Node.js (`node --version`) you use.\n\nIf your issue only occur using a generator, please report the issues on the generator\'s repository.\n\n## Contribute\n\nSee the [contributing docs](https://github.com/yeoman/yeoman/blob/master/contributing.md).\n\n\n## License\n\n[BSD license](http://opensource.org/licenses/bsd-license.php) and copyright Google.\n',
71 silly resolved     readmeFilename: 'readme.md',
71 silly resolved     bugs: { url: 'https://github.com/yeoman/yo/issues' },
71 silly resolved     _id: 'yo@1.1.2',
71 silly resolved     _from: 'yo@1.1.2' } ]
72 info install yo@1.1.2 into /usr/lib
73 info installOne yo@1.1.2
74 info /usr/lib/node_modules/yo unbuild
75 info preuninstall yo@1.1.2
76 info uninstall yo@1.1.2
77 verbose true,/usr/lib/node_modules,/usr/lib/node_modules unbuild yo@1.1.2
78 verbose /usr/bin,[object Object] binRoot
79 info /usr/lib/node_modules/yo unbuild
80 info preuninstall yo@1.1.2
81 info uninstall yo@1.1.2
82 verbose true,/usr/lib/node_modules,/usr/lib/node_modules unbuild yo@1.1.2
83 verbose /usr/bin,[object Object] binRoot
84 error error rolling back Error: EACCES, unlink '/usr/bin/yo'
84 error error rolling back  yo@1.1.2 { [Error: EACCES, unlink '/usr/bin/yo'] errno: 3, code: 'EACCES', path: '/usr/bin/yo' }
85 error Error: EACCES, unlink '/usr/bin/yo'
85 error  { [Error: EACCES, unlink '/usr/bin/yo'] errno: 3, code: 'EACCES', path: '/usr/bin/yo' }
86 error Please try running this command again as root/Administrator.
87 error System Linux 3.5.0-45-generic
88 error command "/usr/bin/node" "/usr/bin/npm" "update" "-g" "yo"
89 error cwd /home/greg/www/hs/twerqle/generator/react-webpack
90 error node -v v0.10.25
91 error npm -v 1.3.24
92 error path /usr/bin/yo
93 error code EACCES
94 error errno 3
95 error stack Error: EACCES, unlink '/usr/bin/yo'
96 verbose exit [ 3, true ]
